<?xml version="1.0" encoding="UTF-8"?>
<robot generator="Robot 4.1.3 (Python 3.8.10 on linux)" generated="20220118 11:37:01.576" rpa="false" schemaversion="2">
<suite id="s1" name="Busca" source="/home/ldanivieira/rw5/parodifood/busca.robot">
<test id="s1-t1" name="Example Test">
<kw name="New Browser" library="Browser">
<arg>chromium</arg>
<arg>False</arg>
<tag>BrowserControl</tag>
<tag>Setter</tag>
<doc>Create a new playwright Browser with specified options.</doc>
<msg timestamp="20220118 11:37:02.194" level="INFO">{"browser": "chromium", "headless": false, "handleSIGINT": true, "handleSIGTERM": true, "handleSIGHUP": true, "timeout": 30000.0, "devtools": false, "slowMo": 0.0, "tracesDir": "/home/ldanivieira/rw5/parodifood/browser/traces/f79f4b10-f109-4d6a-8b23-ce465394743e"}</msg>
<msg timestamp="20220118 11:37:02.522" level="INFO">Successfully created browser with options: {"browser":"chromium","headless":false,"handleSIGINT":true,"handleSIGTERM":true,"handleSIGHUP":true,"timeout":30000,"devtools":false,"slowMo":0,"tracesDir":"/home/ldanivieira/rw5/parodifood/browser/traces/f79f4b10-f109-4d6a-8b23-ce465394743e"}</msg>
<status status="PASS" starttime="20220118 11:37:02.193" endtime="20220118 11:37:02.522"/>
</kw>
<kw name="New Page" library="Browser">
<arg>http://parodifood.qaninja.academy/</arg>
<tag>BrowserControl</tag>
<tag>Setter</tag>
<doc>Open a new Page.</doc>
<msg timestamp="20220118 11:37:10.842" level="INFO">Successfully initialized new page object and opened url: http://parodifood.qaninja.academy/</msg>
<msg timestamp="20220118 11:37:10.843" level="INFO">No context was open. New context was automatically opened when this page is created.</msg>
<status status="PASS" starttime="20220118 11:37:02.523" endtime="20220118 11:37:10.843"/>
</kw>
<kw name="Get Text" library="Browser">
<arg>text=Nunca foi tão engraçado pedir comida</arg>
<tag>Assertion</tag>
<tag>Getter</tag>
<tag>PageContent</tag>
<doc>Returns text attribute of the element found by ``selector``.</doc>
<status status="PASS" starttime="20220118 11:37:10.844" endtime="20220118 11:37:11.155"/>
</kw>
<kw name="Click" library="Browser">
<arg>text=Estou com fome!</arg>
<tag>PageContent</tag>
<tag>Setter</tag>
<doc>Simulates mouse click on the element found by ``selector``.</doc>
<status status="PASS" starttime="20220118 11:37:11.156" endtime="20220118 11:37:11.266"/>
</kw>
<kw name="Get Text" library="Browser">
<arg>h1 strong</arg>
<arg>contains</arg>
<arg>Ta na hora de matar a fome!</arg>
<tag>Assertion</tag>
<tag>Getter</tag>
<tag>PageContent</tag>
<doc>Returns text attribute of the element found by ``selector``.</doc>
<status status="PASS" starttime="20220118 11:37:11.267" endtime="20220118 11:37:11.292"/>
</kw>
<kw name="Click" library="Browser">
<arg>css=.search-link</arg>
<tag>PageContent</tag>
<tag>Setter</tag>
<doc>Simulates mouse click on the element found by ``selector``.</doc>
<status status="PASS" starttime="20220118 11:37:11.292" endtime="20220118 11:37:11.350"/>
</kw>
<kw name="Fill Text" library="Browser">
<arg>css=input[formcontrolname="searchControl"]</arg>
<arg>Debuger</arg>
<tag>PageContent</tag>
<tag>Setter</tag>
<doc>Clears and fills the given ``txt`` into the text field found by ``selector``.</doc>
<msg timestamp="20220118 11:37:11.351" level="INFO">Fills the text 'Debuger' in the given field.</msg>
<status status="PASS" starttime="20220118 11:37:11.350" endtime="20220118 11:37:11.390"/>
</kw>
<kw name="Sleep" library="BuiltIn">
<arg>10</arg>
<doc>Pauses the test executed for the given time.</doc>
<msg timestamp="20220118 11:37:21.392" level="INFO">Slept 10 seconds</msg>
<status status="PASS" starttime="20220118 11:37:11.391" endtime="20220118 11:37:21.393"/>
</kw>
<kw name="Get Text" library="Browser">
<arg>css=.place-info-box-content</arg>
<arg>contains</arg>
<arg>DEBUGER KING</arg>
<tag>Assertion</tag>
<tag>Getter</tag>
<tag>PageContent</tag>
<doc>Returns text attribute of the element found by ``selector``.</doc>
<status status="PASS" starttime="20220118 11:37:21.393" endtime="20220118 11:37:21.422"/>
</kw>
<status status="PASS" starttime="20220118 11:37:02.190" endtime="20220118 11:37:21.422"/>
</test>
<status status="PASS" starttime="20220118 11:37:01.578" endtime="20220118 11:37:21.514"/>
</suite>
<statistics>
<total>
<stat pass="1" fail="0" skip="0">All Tests</stat>
</total>
<tag>
</tag>
<suite>
<stat pass="1" fail="0" skip="0" id="s1" name="Busca">Busca</stat>
</suite>
</statistics>
<errors>
</errors>
</robot>
