<?xml version="1.0" encoding="UTF-8"?>
<robot generator="Robot 4.1.3 (Python 3.8.10 on linux)" generated="20220118 14:24:02.372" rpa="false" schemaversion="2">
<suite id="s1" name="Busca" source="/home/ldanivieira/rw5/parodifood/tests/busca.robot">
<test id="s1-t1" name="Example Test">
<kw name="New Browser" library="Browser">
<arg>chromium</arg>
<arg>False</arg>
<tag>BrowserControl</tag>
<tag>Setter</tag>
<doc>Create a new playwright Browser with specified options.</doc>
<msg timestamp="20220118 14:24:03.002" level="INFO">{"browser": "chromium", "headless": false, "handleSIGINT": true, "handleSIGTERM": true, "handleSIGHUP": true, "timeout": 30000.0, "devtools": false, "slowMo": 0.0, "tracesDir": "/home/ldanivieira/rw5/parodifood/logs/browser/traces/ee1544db-4949-4ef0-97ef-9baf1bba1f14"}</msg>
<msg timestamp="20220118 14:24:03.356" level="INFO">Successfully created browser with options: {"browser":"chromium","headless":false,"handleSIGINT":true,"handleSIGTERM":true,"handleSIGHUP":true,"timeout":30000,"devtools":false,"slowMo":0,"tracesDir":"/home/ldanivieira/rw5/parodifood/logs/browser/traces/ee1544db-4949-4ef0-97ef-9baf1bba1f14"}</msg>
<status status="PASS" starttime="20220118 14:24:03.001" endtime="20220118 14:24:03.357"/>
</kw>
<kw name="New Page" library="Browser">
<arg>http://parodifood.qaninja.academy/</arg>
<tag>BrowserControl</tag>
<tag>Setter</tag>
<doc>Open a new Page.</doc>
<msg timestamp="20220118 14:24:11.647" level="INFO">Successfully initialized new page object and opened url: http://parodifood.qaninja.academy/</msg>
<msg timestamp="20220118 14:24:11.648" level="INFO">No context was open. New context was automatically opened when this page is created.</msg>
<status status="PASS" starttime="20220118 14:24:03.357" endtime="20220118 14:24:11.648"/>
</kw>
<kw name="Get Text" library="Browser">
<arg>text=Nunca foi tão engraçado pedir comida</arg>
<tag>Assertion</tag>
<tag>Getter</tag>
<tag>PageContent</tag>
<doc>Returns text attribute of the element found by ``selector``.</doc>
<status status="PASS" starttime="20220118 14:24:11.650" endtime="20220118 14:24:11.957"/>
</kw>
<kw name="Click" library="Browser">
<arg>text=Estou com fome!</arg>
<tag>PageContent</tag>
<tag>Setter</tag>
<doc>Simulates mouse click on the element found by ``selector``.</doc>
<status status="PASS" starttime="20220118 14:24:11.957" endtime="20220118 14:24:12.056"/>
</kw>
<kw name="Get Text" library="Browser">
<arg>h1 strong</arg>
<arg>contains</arg>
<arg>Ta na hora de matar a fome!</arg>
<tag>Assertion</tag>
<tag>Getter</tag>
<tag>PageContent</tag>
<doc>Returns text attribute of the element found by ``selector``.</doc>
<status status="PASS" starttime="20220118 14:24:12.056" endtime="20220118 14:24:12.082"/>
</kw>
<kw name="Click" library="Browser">
<arg>css=.search-link</arg>
<tag>PageContent</tag>
<tag>Setter</tag>
<doc>Simulates mouse click on the element found by ``selector``.</doc>
<status status="PASS" starttime="20220118 14:24:12.083" endtime="20220118 14:24:12.145"/>
</kw>
<kw name="Fill Text" library="Browser">
<arg>css=input[formcontrolname="searchControl"]</arg>
<arg>Debuger</arg>
<tag>PageContent</tag>
<tag>Setter</tag>
<doc>Clears and fills the given ``txt`` into the text field found by ``selector``.</doc>
<msg timestamp="20220118 14:24:12.146" level="INFO">Fills the text 'Debuger' in the given field.</msg>
<status status="PASS" starttime="20220118 14:24:12.145" endtime="20220118 14:24:12.186"/>
</kw>
<kw name="Wait For Elements State" library="Browser">
<arg>css=.place-info-box-content</arg>
<arg>visible</arg>
<arg>10</arg>
<tag>PageContent</tag>
<tag>Wait</tag>
<doc>Waits for the element found by ``selector`` to satisfy state option.</doc>
<msg timestamp="20220118 14:24:13.093" level="INFO">Waited for Element with selector css=.place-info-box-content at state visible</msg>
<status status="PASS" starttime="20220118 14:24:12.187" endtime="20220118 14:24:13.093"/>
</kw>
<kw name="Get Text" library="Browser">
<arg>css=.place-info-box-content</arg>
<arg>contains</arg>
<arg>DEBUGER KING</arg>
<tag>Assertion</tag>
<tag>Getter</tag>
<tag>PageContent</tag>
<doc>Returns text attribute of the element found by ``selector``.</doc>
<status status="PASS" starttime="20220118 14:24:13.094" endtime="20220118 14:24:13.118"/>
</kw>
<kw name="Sleep" library="BuiltIn">
<arg>2</arg>
<doc>Pauses the test executed for the given time.</doc>
<msg timestamp="20220118 14:24:15.119" level="INFO">Slept 2 seconds</msg>
<status status="PASS" starttime="20220118 14:24:13.118" endtime="20220118 14:24:15.119"/>
</kw>
<kw name="Take Screenshot" library="Browser">
<tag>PageContent</tag>
<doc>Takes a screenshot of the current window or element and saves it to disk.</doc>
<msg timestamp="20220118 14:24:15.293" level="INFO" html="true">&lt;/td&gt;&lt;/tr&gt;&lt;tr&gt;&lt;td colspan="3"&gt;&lt;a href="browser/screenshot/robotframework-browser-screenshot-1.png"&gt;&lt;img src="browser/screenshot/robotframework-browser-screenshot-1.png" width="800px"&gt;&lt;/a&gt;</msg>
<status status="PASS" starttime="20220118 14:24:15.120" endtime="20220118 14:24:15.293"/>
</kw>
<status status="PASS" starttime="20220118 14:24:02.998" endtime="20220118 14:24:15.294"/>
</test>
<status status="PASS" starttime="20220118 14:24:02.373" endtime="20220118 14:24:15.385"/>
</suite>
<statistics>
<total>
<stat pass="1" fail="0" skip="0">All Tests</stat>
</total>
<tag>
</tag>
<suite>
<stat pass="1" fail="0" skip="0" id="s1" name="Busca">Busca</stat>
</suite>
</statistics>
<errors>
</errors>
</robot>
